
Showing logs for build [32mcb-kubecd-bdd-gh-1568457074-pr-1[0m stage [32mmeta-pipeline[0m and container [32mstep-credential-initializer-pssk2[0m
{"level":"warn","ts":1568457992.8379824,"logger":"fallback-logger","caller":"logging/config.go:69","msg":"Fetch GitHub commit ID from kodata failed: \"ref: refs/heads/master\" is not a valid GitHub commit ID"}
{"level":"info","ts":1568457992.8396103,"logger":"fallback-logger","caller":"creds-init/main.go:40","msg":"Credentials initialized."}

Showing logs for build [32mcb-kubecd-bdd-gh-1568457074-pr-1[0m stage [32mmeta-pipeline[0m and container [32mstep-working-dir-initializer-t9rjd[0m
{"level":"warn","ts":1568457993.8435514,"logger":"fallback-logger","caller":"logging/config.go:69","msg":"Fetch GitHub commit ID from kodata failed: open /var/run/ko/HEAD: no such file or directory"}
{"level":"info","ts":1568457993.844925,"logger":"fallback-logger","caller":"bash/main.go:65","msg":"Successfully executed command \"mkdir -p /workspace/source\""}

Showing logs for build [32mcb-kubecd-bdd-gh-1568457074-pr-1[0m stage [32mmeta-pipeline[0m and container [32mstep-place-tools[0m

Showing logs for build [32mcb-kubecd-bdd-gh-1568457074-pr-1[0m stage [32mmeta-pipeline[0m and container [32mstep-git-source-meta-cb-kubecd-bdd-gh-156845707-rk966[0m
{"level":"warn","ts":1568457999.9775612,"logger":"fallback-logger","caller":"logging/config.go:69","msg":"Fetch GitHub commit ID from kodata failed: \"ref: refs/heads/master\" is not a valid GitHub commit ID"}
{"level":"info","ts":1568458001.1038806,"logger":"fallback-logger","caller":"git/git.go:102","msg":"Successfully cloned https://github.com/cb-kubecd/bdd-gh-1568457074.git @ a4ec681ee879d956c680f4f49076ed4f318fc2c7 in path /workspace/source"}

Showing logs for build [32mcb-kubecd-bdd-gh-1568457074-pr-1[0m stage [32mmeta-pipeline[0m and container [32mstep-git-merge[0m
Using SHAs from PULL_REFS=master:a4ec681ee879d956c680f4f49076ed4f318fc2c7,1:8dda7a3c5baa7423022459305c9121541db3314e
DEBUG: ran git fetch --unshallow origin 8dda7a3c5baa7423022459305c9121541db3314e: a4ec681ee879d956c680f4f49076ed4f318fc2c7: in 
DEBUG: ran git checkout master in 
DEBUG: ran git reset --hard a4ec681ee879d956c680f4f49076ed4f318fc2c7 in 
DEBUG: ran clean --force -d . in 
DEBUG: ran git merge 8dda7a3c5baa7423022459305c9121541db3314e in 
Merged SHA 8dda7a3c5baa7423022459305c9121541db3314e with commit message 'My first PR commit' into base branch master

Showing logs for build [32mcb-kubecd-bdd-gh-1568457074-pr-1[0m stage [32mmeta-pipeline[0m and container [32mstep-merge-pull-refs[0m
DEBUG: ran git fetch origin 8dda7a3c5baa7423022459305c9121541db3314e: a4ec681ee879d956c680f4f49076ed4f318fc2c7: in 
DEBUG: Unshallowed git repo in 
DEBUG: ran git checkout master in 
DEBUG: ran git reset --hard a4ec681ee879d956c680f4f49076ed4f318fc2c7 in 
DEBUG: ran clean --force -d . in 
DEBUG: ran git merge 8dda7a3c5baa7423022459305c9121541db3314e in 
Merged SHA 8dda7a3c5baa7423022459305c9121541db3314e with commit message 'My first PR commit' into base branch master

Showing logs for build [32mcb-kubecd-bdd-gh-1568457074-pr-1[0m stage [32mmeta-pipeline[0m and container [32mstep-create-effective-pipeline[0m
Deleting and cloning the Jenkins X versions repo
Cloning the Jenkins X versions repo https://github.com/jenkins-x/jenkins-x-versions.git with ref refs/heads/master to /builder/home/.**/jenkins-x-versions
Effective pipeline written to jenkins-x-serverless-jenkins-effective.yml

Showing logs for build [32mcb-kubecd-bdd-gh-1568457074-pr-1[0m stage [32mmeta-pipeline[0m and container [32mstep-create-tekton-crds[0m
PipelineActivity for cb-kubecd-bdd-gh-1568457074-PR-1-1
Applying changes 
upserted PipelineResource cb-kubecd-bdd-gh-1568457074-pr for the git repository https://github.com/cb-kubecd/bdd-gh-1568457074.git
upserted Task cb-kubecd-bdd-gh-1568457074-pr-from-build-pack-1
upserted Pipeline cb-kubecd-bdd-gh-1568457074-pr-1
created PipelineRun cb-kubecd-bdd-gh-1568457074-pr-1
created PipelineStructure cb-kubecd-bdd-gh-1568457074-pr-1

Showing logs for build [32mcb-kubecd-bdd-gh-1568457074-pr-1[0m stage [32mfrom-build-pack[0m and container [32mstep-credential-initializer-59lxn[0m
{"level":"warn","ts":1568458013.124362,"logger":"fallback-logger","caller":"logging/config.go:69","msg":"Fetch GitHub commit ID from kodata failed: \"ref: refs/heads/master\" is not a valid GitHub commit ID"}
{"level":"info","ts":1568458013.1248574,"logger":"fallback-logger","caller":"creds-init/main.go:40","msg":"Credentials initialized."}

Showing logs for build [32mcb-kubecd-bdd-gh-1568457074-pr-1[0m stage [32mfrom-build-pack[0m and container [32mstep-working-dir-initializer-wqx2s[0m
{"level":"warn","ts":1568458013.5392158,"logger":"fallback-logger","caller":"logging/config.go:69","msg":"Fetch GitHub commit ID from kodata failed: open /var/run/ko/HEAD: no such file or directory"}
{"level":"info","ts":1568458013.540716,"logger":"fallback-logger","caller":"bash/main.go:65","msg":"Successfully executed command \"mkdir -p /workspace/source /workspace/source/charts/preview\""}

Showing logs for build [32mcb-kubecd-bdd-gh-1568457074-pr-1[0m stage [32mfrom-build-pack[0m and container [32mstep-place-tools[0m

Showing logs for build [32mcb-kubecd-bdd-gh-1568457074-pr-1[0m stage [32mfrom-build-pack[0m and container [32mstep-git-source-cb-kubecd-bdd-gh-1568457074-pr-tcr6h[0m
{"level":"warn","ts":1568458019.7042882,"logger":"fallback-logger","caller":"logging/config.go:69","msg":"Fetch GitHub commit ID from kodata failed: \"ref: refs/heads/master\" is not a valid GitHub commit ID"}
{"level":"info","ts":1568458020.7530406,"logger":"fallback-logger","caller":"git/git.go:102","msg":"Successfully cloned https://github.com/cb-kubecd/bdd-gh-1568457074.git @ master in path /workspace/source"}

Showing logs for build [32mcb-kubecd-bdd-gh-1568457074-pr-1[0m stage [32mfrom-build-pack[0m and container [32mstep-git-merge[0m
Using SHAs from PULL_REFS=master:a4ec681ee879d956c680f4f49076ed4f318fc2c7,1:8dda7a3c5baa7423022459305c9121541db3314e
DEBUG: ran git fetch --unshallow origin 8dda7a3c5baa7423022459305c9121541db3314e: a4ec681ee879d956c680f4f49076ed4f318fc2c7: in 
DEBUG: ran git checkout master in 
DEBUG: ran git reset --hard a4ec681ee879d956c680f4f49076ed4f318fc2c7 in 
DEBUG: ran clean --force -d . in 
DEBUG: ran git merge 8dda7a3c5baa7423022459305c9121541db3314e in 
Merged SHA 8dda7a3c5baa7423022459305c9121541db3314e with commit message 'My first PR commit' into base branch master

Showing logs for build [32mcb-kubecd-bdd-gh-1568457074-pr-1[0m stage [32mfrom-build-pack[0m and container [32mstep-build-make-linux[0m
CGO_ENABLED=0 GOOS=linux GOARCH=amd64 GO15VENDOREXPERIMENT=1 go build -ldflags '' -o bin/bdd-gh-1568457074 main.go

Showing logs for build [32mcb-kubecd-bdd-gh-1568457074-pr-1[0m stage [32mfrom-build-pack[0m and container [32mstep-build-container-build[0m
[36mINFO[0m[0000] No base image, nothing to extract            
[36mINFO[0m[0000] cmd: EXPOSE                                  
[36mINFO[0m[0000] Adding exposed port: 8080/tcp                
[36mINFO[0m[0000] Using files from context: [/workspace/source/bin] 
[36mINFO[0m[0000] Skipping unpacking as no commands require it. 
[36mINFO[0m[0000] Taking snapshot of full filesystem...        
[36mINFO[0m[0000] EXPOSE 8080                                  
[36mINFO[0m[0000] cmd: EXPOSE                                  
[36mINFO[0m[0000] Adding exposed port: 8080/tcp                
[36mINFO[0m[0000] No files changed in this command, skipping snapshotting. 
[36mINFO[0m[0000] ENTRYPOINT ["/bdd-gh-1568457074"]            
[36mINFO[0m[0000] No files changed in this command, skipping snapshotting. 
[36mINFO[0m[0000] Using files from context: [/workspace/source/bin] 
[36mINFO[0m[0000] COPY ./bin/ /                                
[36mINFO[0m[0000] Taking snapshot of files...                  
2019/09/14 10:47:12 pushed blob: sha256:f85d0e246ee1fc4e09660e378b8d346d96c2a204637ecfe87e3d1a7aa6f4f436
2019/09/14 10:47:13 pushed blob: sha256:1238ce7ceb90cccbacc2c640b121d79d0555e788f0bd7b871edfbedda0444729
2019/09/14 10:47:15 gcr.io/jenkins-x-bdd3/bdd-gh-1568457074:0.0.0-SNAPSHOT-PR-1-1: digest: sha256:b8a1f0f5eddd9b8dff90fdaf85cffc0e0459be8b95c1f250791ac804fe451b81 size: 428

Showing logs for build [32mcb-kubecd-bdd-gh-1568457074-pr-1[0m stage [32mfrom-build-pack[0m and container [32mstep-postbuild-post-build[0m
no CVE provider running in the current ** namespace so skip adding image to be analysed

Showing logs for build [32mcb-kubecd-bdd-gh-1568457074-pr-1[0m stage [32mfrom-build-pack[0m and container [32mstep-promote-make-preview[0m
sed -i -e "s/version:.*/version: 0.0.0-SNAPSHOT-PR-1-1/" Chart.yaml
sed -i -e "s/version:.*/version: 0.0.0-SNAPSHOT-PR-1-1/" ../*/Chart.yaml
sed -i -e "s|repository:.*|repository: gcr.io\/jenkins-x-bdd3\/bdd-gh-1568457074|" values.yaml
sed -i -e "s/tag:.*/tag: 0.0.0-SNAPSHOT-PR-1-1/" values.yaml
echo "  version: 0.0.0-SNAPSHOT-PR-1-1" >> requirements.yaml
** step helm build
WARNING: No $CHART_REPOSITORY defined so using the default value of: http://jenkins-x-chartmuseum:8080
Adding missing Helm repo: storage.googleapis.com https://storage.googleapis.com/chartmuseum.jenkins-x.io
Successfully added Helm repository storage.googleapis.com.
Adding missing Helm repo: jenkins-x-chartmuseum http://jenkins-x-chartmuseum:8080
Successfully added Helm repository jenkins-x-chartmuseum.
WARNING: No $CHART_REPOSITORY defined so using the default value of: http://jenkins-x-chartmuseum:8080
Adding missing Helm repo: chartmuseum.jenkins-x.io http://chartmuseum.jenkins-x.io
Successfully added Helm repository chartmuseum.jenkins-x.io.

Showing logs for build [32mcb-kubecd-bdd-gh-1568457074-pr-1[0m stage [32mfrom-build-pack[0m and container [32mstep-promote-jx-preview[0m
Creating a preview
WARNING: No author for commit: 8dda7a3c5baa7423022459305c9121541db3314e
Created environment cb-kubecd-bdd-gh-1568457074-pr-1
Namespace **-cb-kubecd-bdd-gh-1568457074-pr-1 created 
expose:
  Annotations:
    helm.sh/hook: post-install,post-upgrade
    helm.sh/hook-delete-policy: hook-succeeded
  config:
    domain: 130.211.63.4.nip.io
    exposer: Ingress
    http: "true"
preview:
  image:
    repository: gcr.io/jenkins-x-bdd3/bdd-gh-1568457074
    tag: 0.0.0-SNAPSHOT-PR-1-1
Deleting and cloning the Jenkins X versions repo
Cloning the Jenkins X versions repo https://github.com/jenkins-x/jenkins-x-versions.git with ref refs/heads/master to /builder/home/.**/jenkins-x-versions


Updating PipelineActivities cb-kubecd-bdd-gh-1568457074-pr-1-1 which has status Running
WARNING: preview application http://bdd-gh-1568457074.**-cb-kubecd-bdd-gh-1568457074-pr-1.130.211.63.4.nip.io not available, error was 503 503 Service Temporarily Unavailable, delaying for: 1.252573036s
WARNING: preview application http://bdd-gh-1568457074.**-cb-kubecd-bdd-gh-1568457074-pr-1.130.211.63.4.nip.io not available, error was 503 503 Service Temporarily Unavailable, delaying for: 1.795078749s
Preview application is now available at: http://bdd-gh-1568457074.**-cb-kubecd-bdd-gh-1568457074-pr-1.130.211.63.4.nip.io
